2022-11-27T14:21:54.844+0800	[34mINFO[0m	clients/client_factory.go:47	logDir:<tmp/config/log>   cacheDir:<tmp/config/cache>
2022-11-27T15:58:19.845+0800	[34mINFO[0m	clients/client_factory.go:47	logDir:<tmp/config/log>   cacheDir:<tmp/config/cache>
2022-11-27T15:58:19.872+0800	[31mERROR[0m	nacos_server/nacos_server.go:199	api</v1/cs/configs>,method:<GET>, params:<{"dataId":"goods-srv.json","group":"dev","tenant":"a3686489-64eb-4d04-87a3-b550520f6db6"}>, call domain error:<[404] config data not exist
> , result:<config data not exist
>
2022-11-27T15:58:19.879+0800	[31mERROR[0m	nacos_server/nacos_server.go:199	api</v1/cs/configs>,method:<GET>, params:<{"dataId":"goods-srv.json","group":"dev","tenant":"a3686489-64eb-4d04-87a3-b550520f6db6"}>, call domain error:<[404] config data not exist
> , result:<config data not exist
>
2022-11-27T15:58:19.883+0800	[31mERROR[0m	nacos_server/nacos_server.go:199	api</v1/cs/configs>,method:<GET>, params:<{"dataId":"goods-srv.json","group":"dev","tenant":"a3686489-64eb-4d04-87a3-b550520f6db6"}>, call domain error:<[404] config data not exist
> , result:<config data not exist
>
2022-11-27T15:58:19.883+0800	[31mERROR[0m	config_client/config_client.go:202	get config from server error:[404] config data not exist
 
2022-11-27T15:58:19.884+0800	[33mWARN[0m	config_client/config_client.go:207	[client.GetConfig] config not found, dataId: goods-srv.json, group: dev, namespaceId: a3686489-64eb-4d04-87a3-b550520f6db6.
2022-11-27T16:02:25.113+0800	[34mINFO[0m	clients/client_factory.go:47	logDir:<tmp/config/log>   cacheDir:<tmp/config/cache>
2022-11-27T16:02:25.139+0800	[31mERROR[0m	nacos_server/nacos_server.go:199	api</v1/cs/configs>,method:<GET>, params:<{"dataId":"goods-srv.json","group":"dev","tenant":"a3686489-64eb-4d04-87a3-b550520f6db6"}>, call domain error:<[404] config data not exist
> , result:<config data not exist
>
2022-11-27T16:02:25.146+0800	[31mERROR[0m	nacos_server/nacos_server.go:199	api</v1/cs/configs>,method:<GET>, params:<{"dataId":"goods-srv.json","group":"dev","tenant":"a3686489-64eb-4d04-87a3-b550520f6db6"}>, call domain error:<[404] config data not exist
> , result:<config data not exist
>
2022-11-27T16:02:25.150+0800	[31mERROR[0m	nacos_server/nacos_server.go:199	api</v1/cs/configs>,method:<GET>, params:<{"dataId":"goods-srv.json","group":"dev","tenant":"a3686489-64eb-4d04-87a3-b550520f6db6"}>, call domain error:<[404] config data not exist
> , result:<config data not exist
>
2022-11-27T16:02:25.150+0800	[31mERROR[0m	config_client/config_client.go:202	get config from server error:[404] config data not exist
 
2022-11-27T16:02:25.151+0800	[33mWARN[0m	config_client/config_client.go:207	[client.GetConfig] config not found, dataId: goods-srv.json, group: dev, namespaceId: a3686489-64eb-4d04-87a3-b550520f6db6.
2022-11-27T16:03:27.527+0800	[34mINFO[0m	clients/client_factory.go:47	logDir:<tmp/config/log>   cacheDir:<tmp/config/cache>
